<?xml version="1.0" encoding="UTF-8"?>
<!-- Generated by org.testng.reporters.JUnitReportReporter -->
<testsuite hostname="DESKTOP-DNAAJ00" failures="0" tests="1" name="com.zerodha.QA11.Testcases.LoginPageTest" time="10.923" errors="0" timestamp="2022-08-10T16:20:44 IST" skipped="0">
  <testcase classname="com.zerodha.QA11.Testcases.LoginPageTest" name="ZerodhaLoginPageTest" time="10.923"/>
  <system-out>
verifyZerodhaLoginPageLogo verifyZerodhaLoginPageAndroidLogo verifyZerodhaLoginPageIosLogo verifyZerodhaLoginPageApplicationVersion setZerodhaLoginPageUsername setZerodhaLoginPagePassword clickZerodhaLoginPageLoginBtn setZerodhaLoginPagePin clickZerodhaLoginPagePinContinueBtn  </system-out>
</testsuite> <!-- com.zerodha.QA11.Testcases.LoginPageTest -->
