<?xml version="1.0" encoding="UTF-8"?>
<!-- Generated by org.testng.reporters.JUnitReportReporter -->
<testsuite hostname="DESKTOP-DNAAJ00" failures="0" tests="1" name="com.zerodha.QA11.Testcases.OrderPageTest" time="9.668" errors="0" timestamp="2022-08-10T16:29:12 IST" skipped="0">
  <testcase classname="com.zerodha.QA11.Testcases.OrderPageTest" name="EquityOrderTest" time="9.668"/>
  <system-out>
setZerodhaLoginPageUsername setZerodhaLoginPagePassword clickZerodhaLoginPageLoginBtn setZerodhaLoginPagePin clickZerodhaLoginPagePinContinueBtn selectZerodhaOrderPageShareQuantityOptn selectZerodhaOrderPageSharePriceOptn verifyZerodhaOrderPageTriggerPriceOptn verifyZerodhaOrderPageMarketOptn clickZerodhaOrderPageOrderBtn  </system-out>
</testsuite> <!-- com.zerodha.QA11.Testcases.OrderPageTest -->
