<?xml version="1.0" encoding="UTF-8"?>
<!-- Generated by org.testng.reporters.JUnitReportReporter -->
<testsuite hostname="DESKTOP-DNAAJ00" failures="0" tests="1" name="com.zerodha.QA11.Testcases.HomePageTest" time="15.096" errors="0" timestamp="2022-08-10T16:38:56 IST" skipped="0">
  <testcase classname="com.zerodha.QA11.Testcases.HomePageTest" name="HomePageTest1" time="15.096"/>
  <system-out>
setZerodhaLoginPageUsername setZerodhaLoginPagePassword clickZerodhaLoginPageLoginBtn setZerodhaLoginPagePin clickZerodhaLoginPagePinContinueBtn verifyZerodhaHomePageLogo verifyZerodhaHomePageNickName verifyZerodhaHomePageSearchBar verifyZerodhaHomePageDashboardOpt verifyZerodhaHomePageOrdersOpt verifyZerodhaHomePageHoldingsOpt verifyZerodhaHomePagePositionsOpt verifyZerodhaHomePageFundsOpt verifyZerodhaHomePageAppsOpt verifyZerodhaHomePageViewStatementOpt verifyZerodhaHomePageMarginAvailableOpt verifyZerodhaHomePageMarginUsedOpt verifyZerodhaHomePageOpeningBalanceOpt verifyZerodhaHomePageUserAccountProfileOpt clickZerodhaHomePageUserAccountProfileOpt verifyZerodhaHomePageUserFullName verifyZerodhaHomePageUserEmailId clickZerodhaHomePageLogoutBtn  </system-out>
</testsuite> <!-- com.zerodha.QA11.Testcases.HomePageTest -->
