<?xml version="1.0" encoding="UTF-8"?>
<!-- Generated by org.testng.reporters.JUnitReportReporter -->
<testsuite hostname="DESKTOP-DNAAJ00" failures="0" tests="2" name="com.zerodha.QA11.Testcases.OrderPageTest" time="27.112" errors="0" timestamp="2022-08-10T16:38:57 IST" skipped="0">
  <testcase classname="com.zerodha.QA11.Testcases.OrderPageTest" name="EquityOrderTest" time="14.662"/>
  <system-out>
setZerodhaLoginPageUsername setZerodhaLoginPagePassword clickZerodhaLoginPageLoginBtn setZerodhaLoginPagePin clickZerodhaLoginPagePinContinueBtn selectZerodhaOrderPageShareQuantityOptn selectZerodhaOrderPageSharePriceOptn verifyZerodhaOrderPageTriggerPriceOptn verifyZerodhaOrderPageMarketOptn clickZerodhaOrderPageOrderBtn  </system-out>
  <testcase classname="com.zerodha.QA11.Testcases.OrderPageTest" name="EquityOrderTest" time="12.450"/>
  <system-out>
setZerodhaLoginPageUsername setZerodhaLoginPagePassword clickZerodhaLoginPageLoginBtn setZerodhaLoginPagePin clickZerodhaLoginPagePinContinueBtn selectZerodhaOrderPageShareQuantityOptn selectZerodhaOrderPageSharePriceOptn verifyZerodhaOrderPageTriggerPriceOptn verifyZerodhaOrderPageMarketOptn clickZerodhaOrderPageOrderBtn  </system-out>
</testsuite> <!-- com.zerodha.QA11.Testcases.OrderPageTest -->
